<?xml version="1.0" encoding="UTF-8"?>
<!-- Generated by org.testng.reporters.JUnitReportReporter -->
<testsuite hostname="APK" name="fbloginTest" tests="1" failures="0" timestamp="21 Oct 2015 16:16:40 GMT" time="12.610" errors="0">
  <testcase name="dologin" time="12.610" classname="fbloginTest"/>
</testsuite> <!-- fbloginTest -->
